<?xml version="1.0" encoding="UTF-8" ?>
<testsuite tests="3" failures="0" name="com.twogrit.learning.com.twogrit.learning.design_pattern.compound.DecoyDuckTest" time="0.005" errors="0" skipped="0">
  <properties>
    <property name="java.runtime.name" value="Java(TM) SE Runtime Environment"/>
    <property name="sun.boot.library.path" value="/Library/Java/JavaVirtualMachines/jdk1.8.0_65.jdk/Contents/Home/jre/lib"/>
    <property name="java.vm.version" value="25.65-b01"/>
    <property name="gopherProxySet" value="false"/>
    <property name="java.vm.vendor" value="Oracle Corporation"/>
    <property name="java.vendor.url" value="http://java.oracle.com/"/>
    <property name="path.separator" value=":"/>
    <property name="java.vm.name" value="Java HotSpot(TM) 64-Bit Server VM"/>
    <property name="file.encoding.pkg" value="sun.io"/>
    <property name="user.country" value="CN"/>
    <property name="sun.java.launcher" value="SUN_STANDARD"/>
    <property name="sun.os.patch.level" value="unknown"/>
    <property name="java.vm.specification.name" value="Java Virtual Machine Specification"/>
    <property name="user.dir" value="/Users/kezhang/code/learning"/>
    <property name="java.runtime.version" value="1.8.0_65-b17"/>
    <property name="java.awt.graphicsenv" value="sun.awt.CGraphicsEnvironment"/>
    <property name="basedir" value="/Users/kezhang/code/learning"/>
    <property name="java.endorsed.dirs" value="/Library/Java/JavaVirtualMachines/jdk1.8.0_65.jdk/Contents/Home/jre/lib/endorsed"/>
    <property name="os.arch" value="x86_64"/>
    <property name="surefire.real.class.path" value="/var/folders/s0/sn8np3jx1kdbz777f6sgp5cw0000gn/T/surefirebooter9048039683032230451.jar"/>
    <property name="java.io.tmpdir" value="/var/folders/s0/sn8np3jx1kdbz777f6sgp5cw0000gn/T/"/>
    <property name="line.separator" value="
"/>
    <property name="java.vm.specification.vendor" value="Oracle Corporation"/>
    <property name="os.name" value="Mac OS X"/>
    <property name="sun.jnu.encoding" value="UTF-8"/>
    <property name="java.library.path" value="/Users/kezhang/Library/Java/Extensions:/Library/Java/Extensions:/Network/Library/Java/Extensions:/System/Library/Java/Extensions:/usr/lib/java:."/>
    <property name="surefire.test.class.path" value="/Users/kezhang/code/learning/target/test-classes:/Users/kezhang/code/learning/target/classes:/Users/kezhang/.m2/repository/junit/junit/4.12/junit-4.12.jar:/Users/kezhang/.m2/repository/org/hamcrest/hamcrest-library/1.3/hamcrest-library-1.3.jar:/Users/kezhang/.m2/repository/org/hamcrest/hamcrest-core/1.3/hamcrest-core-1.3.jar:/Users/kezhang/.m2/repository/org/mockito/mockito-core/1.8.5/mockito-core-1.8.5.jar:/Users/kezhang/.m2/repository/org/objenesis/objenesis/1.0/objenesis-1.0.jar:/Users/kezhang/.m2/repository/org/powermock/powermock-api-mockito/1.4.12/powermock-api-mockito-1.4.12.jar:/Users/kezhang/.m2/repository/org/mockito/mockito-all/1.9.0/mockito-all-1.9.0.jar:/Users/kezhang/.m2/repository/org/powermock/powermock-api-support/1.4.12/powermock-api-support-1.4.12.jar:/Users/kezhang/.m2/repository/org/powermock/powermock-core/1.4.12/powermock-core-1.4.12.jar:/Users/kezhang/.m2/repository/org/javassist/javassist/3.16.1-GA/javassist-3.16.1-GA.jar:/Users/kezhang/.m2/repository/org/powermock/powermock-reflect/1.4.12/powermock-reflect-1.4.12.jar:/Users/kezhang/.m2/repository/org/powermock/powermock-module-junit4/1.4.12/powermock-module-junit4-1.4.12.jar:/Users/kezhang/.m2/repository/org/powermock/powermock-module-junit4-common/1.4.12/powermock-module-junit4-common-1.4.12.jar:/Users/kezhang/.m2/repository/com/google/guava/guava/19.0/guava-19.0.jar:"/>
    <property name="java.specification.name" value="Java Platform API Specification"/>
    <property name="java.class.version" value="52.0"/>
    <property name="sun.management.compiler" value="HotSpot 64-Bit Tiered Compilers"/>
    <property name="os.version" value="10.10.5"/>
    <property name="http.nonProxyHosts" value="alibaba-inc.com|*.alibaba-inc.com|aliexpress.com|*.aliexpress.com|alibaba.com|*.alibaba.com|taobao.org|*.taobao.org|alipay.com|*.alipay.com|360.com|*.360.com|baidu.com|*.baidu.com|360.cn|*.360.cn|alibaba.net|*.alibaba.net|alibabacorp.com|*.alibabacorp.com|alicdn.com|*.alicdn.com|alikunlun.com|*.alikunlun.com|alipay-corp.com|*.alipay-corp.com|alipay-inc.com|*.alipay-inc.com|alipay.net|*.alipay.net|alipayobjects.com|*.alipayobjects.com|alitrip.com|*.alitrip.com|aliway.com|*.aliway.com|aliyun-inc.com|*.aliyun-inc.com|aliyuncs.com|*.aliyuncs.com|alizoo.com|*.alizoo.com|amap.com|*.amap.com|antfinancial-corp.com|*.antfinancial-corp.com|antsdaq-corp.com|*.antsdaq-corp.com|atatech.org|*.atatech.org|cainiao-inc.com|*.cainiao-inc.com|dingtalk.com|*.dingtalk.com|koubei-corp.com|*.koubei-corp.com|mayibank.net|*.mayibank.net|mybank-corp.cn|*.mybank-corp.cn|qq.com|*.qq.com|taobao.com|*.taobao.com|taobao.net|*.taobao.net|tbcdn.cn|*.tbcdn.cn|tbsite.net|*.tbsite.net|tmall.net|*.tmall.net|weiyun.com|*.weiyun.com|yunos-inc.com|*.yunos-inc.com|zmxy-corp.com.cn|*.zmxy-corp.com.cn|cloudprinter-hz.taobao.ali.com|*.cloudprinter-hz.taobao.ali.com"/>
    <property name="user.home" value="/Users/kezhang"/>
    <property name="user.timezone" value=""/>
    <property name="java.awt.printerjob" value="sun.lwawt.macosx.CPrinterJob"/>
    <property name="java.specification.version" value="1.8"/>
    <property name="file.encoding" value="UTF-8"/>
    <property name="user.name" value="kezhang"/>
    <property name="java.class.path" value="/Users/kezhang/code/learning/target/test-classes:/Users/kezhang/code/learning/target/classes:/Users/kezhang/.m2/repository/junit/junit/4.12/junit-4.12.jar:/Users/kezhang/.m2/repository/org/hamcrest/hamcrest-library/1.3/hamcrest-library-1.3.jar:/Users/kezhang/.m2/repository/org/hamcrest/hamcrest-core/1.3/hamcrest-core-1.3.jar:/Users/kezhang/.m2/repository/org/mockito/mockito-core/1.8.5/mockito-core-1.8.5.jar:/Users/kezhang/.m2/repository/org/objenesis/objenesis/1.0/objenesis-1.0.jar:/Users/kezhang/.m2/repository/org/powermock/powermock-api-mockito/1.4.12/powermock-api-mockito-1.4.12.jar:/Users/kezhang/.m2/repository/org/mockito/mockito-all/1.9.0/mockito-all-1.9.0.jar:/Users/kezhang/.m2/repository/org/powermock/powermock-api-support/1.4.12/powermock-api-support-1.4.12.jar:/Users/kezhang/.m2/repository/org/powermock/powermock-core/1.4.12/powermock-core-1.4.12.jar:/Users/kezhang/.m2/repository/org/javassist/javassist/3.16.1-GA/javassist-3.16.1-GA.jar:/Users/kezhang/.m2/repository/org/powermock/powermock-reflect/1.4.12/powermock-reflect-1.4.12.jar:/Users/kezhang/.m2/repository/org/powermock/powermock-module-junit4/1.4.12/powermock-module-junit4-1.4.12.jar:/Users/kezhang/.m2/repository/org/powermock/powermock-module-junit4-common/1.4.12/powermock-module-junit4-common-1.4.12.jar:/Users/kezhang/.m2/repository/com/google/guava/guava/19.0/guava-19.0.jar:"/>
    <property name="java.vm.specification.version" value="1.8"/>
    <property name="sun.arch.data.model" value="64"/>
    <property name="java.home" value="/Library/Java/JavaVirtualMachines/jdk1.8.0_65.jdk/Contents/Home/jre"/>
    <property name="sun.java.command" value="/var/folders/s0/sn8np3jx1kdbz777f6sgp5cw0000gn/T/surefirebooter9048039683032230451.jar /var/folders/s0/sn8np3jx1kdbz777f6sgp5cw0000gn/T/surefire2860933340265399337tmp /var/folders/s0/sn8np3jx1kdbz777f6sgp5cw0000gn/T/surefire8218647756532280068tmp"/>
    <property name="java.specification.vendor" value="Oracle Corporation"/>
    <property name="user.language" value="zh"/>
    <property name="awt.toolkit" value="sun.lwawt.macosx.LWCToolkit"/>
    <property name="java.vm.info" value="mixed mode"/>
    <property name="java.version" value="1.8.0_65"/>
    <property name="java.ext.dirs" value="/Users/kezhang/Library/Java/Extensions:/Library/Java/JavaVirtualMachines/jdk1.8.0_65.jdk/Contents/Home/jre/lib/ext:/Library/Java/Extensions:/Network/Library/Java/Extensions:/System/Library/Java/Extensions:/usr/lib/java"/>
    <property name="sun.boot.class.path" value="/Library/Java/JavaVirtualMachines/jdk1.8.0_65.jdk/Contents/Home/jre/lib/resources.jar:/Library/Java/JavaVirtualMachines/jdk1.8.0_65.jdk/Contents/Home/jre/lib/rt.jar:/Library/Java/JavaVirtualMachines/jdk1.8.0_65.jdk/Contents/Home/jre/lib/sunrsasign.jar:/Library/Java/JavaVirtualMachines/jdk1.8.0_65.jdk/Contents/Home/jre/lib/jsse.jar:/Library/Java/JavaVirtualMachines/jdk1.8.0_65.jdk/Contents/Home/jre/lib/jce.jar:/Library/Java/JavaVirtualMachines/jdk1.8.0_65.jdk/Contents/Home/jre/lib/charsets.jar:/Library/Java/JavaVirtualMachines/jdk1.8.0_65.jdk/Contents/Home/jre/lib/jfr.jar:/Library/Java/JavaVirtualMachines/jdk1.8.0_65.jdk/Contents/Home/jre/classes"/>
    <property name="java.vendor" value="Oracle Corporation"/>
    <property name="localRepository" value="/Users/kezhang/.m2/repository"/>
    <property name="file.separator" value="/"/>
    <property name="java.vendor.url.bug" value="http://bugreport.sun.com/bugreport/"/>
    <property name="sun.cpu.endian" value="little"/>
    <property name="sun.io.unicode.encoding" value="UnicodeBig"/>
    <property name="socksNonProxyHosts" value="alibaba-inc.com|*.alibaba-inc.com|aliexpress.com|*.aliexpress.com|alibaba.com|*.alibaba.com|taobao.org|*.taobao.org|alipay.com|*.alipay.com|360.com|*.360.com|baidu.com|*.baidu.com|360.cn|*.360.cn|alibaba.net|*.alibaba.net|alibabacorp.com|*.alibabacorp.com|alicdn.com|*.alicdn.com|alikunlun.com|*.alikunlun.com|alipay-corp.com|*.alipay-corp.com|alipay-inc.com|*.alipay-inc.com|alipay.net|*.alipay.net|alipayobjects.com|*.alipayobjects.com|alitrip.com|*.alitrip.com|aliway.com|*.aliway.com|aliyun-inc.com|*.aliyun-inc.com|aliyuncs.com|*.aliyuncs.com|alizoo.com|*.alizoo.com|amap.com|*.amap.com|antfinancial-corp.com|*.antfinancial-corp.com|antsdaq-corp.com|*.antsdaq-corp.com|atatech.org|*.atatech.org|cainiao-inc.com|*.cainiao-inc.com|dingtalk.com|*.dingtalk.com|koubei-corp.com|*.koubei-corp.com|mayibank.net|*.mayibank.net|mybank-corp.cn|*.mybank-corp.cn|qq.com|*.qq.com|taobao.com|*.taobao.com|taobao.net|*.taobao.net|tbcdn.cn|*.tbcdn.cn|tbsite.net|*.tbsite.net|tmall.net|*.tmall.net|weiyun.com|*.weiyun.com|yunos-inc.com|*.yunos-inc.com|zmxy-corp.com.cn|*.zmxy-corp.com.cn|cloudprinter-hz.taobao.ali.com|*.cloudprinter-hz.taobao.ali.com"/>
    <property name="ftp.nonProxyHosts" value="alibaba-inc.com|*.alibaba-inc.com|aliexpress.com|*.aliexpress.com|alibaba.com|*.alibaba.com|taobao.org|*.taobao.org|alipay.com|*.alipay.com|360.com|*.360.com|baidu.com|*.baidu.com|360.cn|*.360.cn|alibaba.net|*.alibaba.net|alibabacorp.com|*.alibabacorp.com|alicdn.com|*.alicdn.com|alikunlun.com|*.alikunlun.com|alipay-corp.com|*.alipay-corp.com|alipay-inc.com|*.alipay-inc.com|alipay.net|*.alipay.net|alipayobjects.com|*.alipayobjects.com|alitrip.com|*.alitrip.com|aliway.com|*.aliway.com|aliyun-inc.com|*.aliyun-inc.com|aliyuncs.com|*.aliyuncs.com|alizoo.com|*.alizoo.com|amap.com|*.amap.com|antfinancial-corp.com|*.antfinancial-corp.com|antsdaq-corp.com|*.antsdaq-corp.com|atatech.org|*.atatech.org|cainiao-inc.com|*.cainiao-inc.com|dingtalk.com|*.dingtalk.com|koubei-corp.com|*.koubei-corp.com|mayibank.net|*.mayibank.net|mybank-corp.cn|*.mybank-corp.cn|qq.com|*.qq.com|taobao.com|*.taobao.com|taobao.net|*.taobao.net|tbcdn.cn|*.tbcdn.cn|tbsite.net|*.tbsite.net|tmall.net|*.tmall.net|weiyun.com|*.weiyun.com|yunos-inc.com|*.yunos-inc.com|zmxy-corp.com.cn|*.zmxy-corp.com.cn|cloudprinter-hz.taobao.ali.com|*.cloudprinter-hz.taobao.ali.com"/>
    <property name="sun.cpu.isalist" value=""/>
  </properties>
  <testcase classname="com.twogrit.learning.com.twogrit.learning.design_pattern.compound.DecoyDuckTest" name="testPerformQuack" time="0"/>
  <testcase classname="com.twogrit.learning.com.twogrit.learning.design_pattern.compound.DecoyDuckTest" name="testPerFormFlyWhenSetRock" time="0.001"/>
  <testcase classname="com.twogrit.learning.com.twogrit.learning.design_pattern.compound.DecoyDuckTest" name="testPerformFly" time="0.001"/>
</testsuite>